make --dry-run --always-make --keep-going --print-directory
make: Entering directory '/mnt/B/sniper/common'
 
[DEP   ] common/config/key.d
 
[DEP   ] common/config/config.d
 
[DEP   ] common/config/section.d
 
[DEP   ] common/config/config_file.d
 
[DEP   ] common/misc/user/sync_api.d
 
[DEP   ] common/misc/core/memory_subsystem/dram/dram_cntlr_interface.d
 
[DEP   ] common/misc/core/memory_subsystem/dram/dram_cache.d
 
[DEP   ] common/misc/core/memory_subsystem/parametric_dram_directory_msi/tlb.d
 
[DEP   ] common/misc/core/memory_subsystem/parametric_dram_directory_msi/ghb_prefetcher.d
 
[DEP   ] common/misc/core/memory_subsystem/parametric_dram_directory_msi/simple_prefetcher.d
 
[DEP   ] common/misc/core/memory_subsystem/parametric_dram_directory_msi/cache_cntlr.d
 
[DEP   ] common/misc/core/memory_subsystem/parametric_dram_directory_msi/cache_atd.d
 
[DEP   ] common/misc/core/memory_subsystem/parametric_dram_directory_msi/nuca_cache.d
 
[DEP   ] common/misc/core/memory_subsystem/parametric_dram_directory_msi/a53prefetcher.d
 
[DEP   ] common/misc/core/memory_subsystem/parametric_dram_directory_msi/prefetcher.d
 
[DEP   ] common/misc/core/memory_subsystem/parametric_dram_directory_msi/memory_manager.d
 
[DEP   ] common/misc/core/memory_subsystem/cache/cache_set_mru.d
 
[DEP   ] common/misc/core/memory_subsystem/cache/shared_cache_block_info.d
 
[DEP   ] common/misc/core/memory_subsystem/cache/pr_l2_cache_block_info.d
 
[DEP   ] common/misc/core/memory_subsystem/cache/cache_set_random.d
 
[DEP   ] common/misc/core/memory_subsystem/cache/cache_block_info.d
 
[DEP   ] common/misc/core/memory_subsystem/cache/cache_set_plru.d
 
[DEP   ] common/misc/core/memory_subsystem/cache/cache.d
 
[DEP   ] common/misc/core/memory_subsystem/cache/cache_set_round_robin.d
 
[DEP   ] common/misc/core/memory_subsystem/cache/cache_set_lru.d
 
[DEP   ] common/misc/core/memory_subsystem/cache/cache_set_nmru.d
 
[DEP   ] common/misc/core/memory_subsystem/cache/cache_set_nru.d
 
[DEP   ] common/misc/core/memory_subsystem/cache/cache_set.d
 
[DEP   ] common/misc/core/memory_subsystem/cache/cache_base.d
 
[DEP   ] common/misc/core/memory_subsystem/cache/cache_set_srrip.d
 
[DEP   ] common/misc/core/memory_subsystem/directory_schemes/directory.d
 
[DEP   ] common/misc/core/memory_subsystem/pr_l1_pr_l2_dram_directory_msi/dram_directory_cache.d
 
[DEP   ] common/misc/core/memory_subsystem/pr_l1_pr_l2_dram_directory_msi/shmem_req.d
 
[DEP   ] common/misc/core/memory_subsystem/pr_l1_pr_l2_dram_directory_msi/dram_directory_cntlr.d
 
[DEP   ] common/misc/core/memory_subsystem/pr_l1_pr_l2_dram_directory_msi/dram_cntlr.d
 
[DEP   ] common/misc/core/memory_subsystem/pr_l1_pr_l2_dram_directory_msi/shmem_msg.d
 
[DEP   ] common/misc/core/memory_subsystem/pr_l1_pr_l2_dram_directory_msi/shmem_perf.d
 
[DEP   ] common/misc/core/memory_subsystem/fast_nehalem/memory_manager.d
 
[DEP   ] common/misc/core/memory_subsystem/cheetah/cheetah_model.d
 
[DEP   ] common/misc/core/memory_subsystem/cheetah/util.d
 
[DEP   ] common/misc/core/memory_subsystem/cheetah/saclru.d
 
[DEP   ] common/misc/core/memory_subsystem/cheetah/cheetah_manager.d
 
[DEP   ] common/misc/core/memory_subsystem/mem_component.d
 
[DEP   ] common/misc/core/memory_subsystem/memory_manager_base.d
 
[DEP   ] common/misc/core/memory_subsystem/address_home_lookup.d
 
[DEP   ] common/misc/core/syscall_model.d
 
[DEP   ] common/misc/core/thread.d
 
[DEP   ] common/misc/core/bbv_count.d
 
[DEP   ] common/misc/core/topology_info.d
 
[DEP   ] common/misc/core/core.d
 
[DEP   ] common/misc/fault_injection/fault_injector_random.d
 
[DEP   ] common/misc/fault_injection/fault_injection.d
 
[DEP   ] common/misc/semaphore.d
 
[DEP   ] common/misc/pthread_thread.d
 
[DEP   ] common/misc/tags.d
 
[DEP   ] common/misc/bit_vector.d
 
[DEP   ] common/misc/setlock.d
 
[DEP   ] common/misc/handle_args.d
 
[DEP   ] common/misc/checksum.d
 
[DEP   ] common/misc/utils.d
 
[DEP   ] common/misc/pthread_lock.d
 
[DEP   ] common/misc/timer.d
 
[DEP   ] common/misc/spin_loop_detector.d
 
[DEP   ] common/misc/config.d
 
[DEP   ] common/misc/stats.d
 
[DEP   ] common/misc/subsecond_time.d
 
[DEP   ] common/misc/bottlegraph.d
 
[DEP   ] common/misc/pthread_tls.d
 
[DEP   ] common/misc/callstack.d
 
[DEP   ] common/misc/modulo_num.d
 
[DEP   ] common/misc/syscall_strings.d
 
[DEP   ] common/misc/barrier.d
 
[DEP   ] common/misc/selock.d
 
[DEP   ] common/misc/subsecond_time_c.d
 
[DEP   ] common/misc/progress.d
 
[DEP   ] common/misc/cond.d
 
[DEP   ] common/misc/fxsupport.d
 
[DEP   ] common/misc/logmem.d
 
[DEP   ] common/misc/circular_log.d
 
[DEP   ] common/misc/packetize.d
 
[DEP   ] common/misc/locked_hash.d
 
[DEP   ] common/misc/log.d
 
[DEP   ] common/misc/lockfree_hash.d
 
[DEP   ] common/misc/basic_hash.d
 
[DEP   ] common/misc/tls.d
 
[DEP   ] common/misc/memguard.d
 
[DEP   ] common/system/magic_client.d
 
[DEP   ] common/system/barrier_sync_client.d
 
[DEP   ] common/system/core_manager.d
 
[DEP   ] common/system/clock_skew_minimization_object.d
 
[DEP   ] common/system/routine_tracer_ondemand.d
 
[DEP   ] common/system/core_thread.d
 
[DEP   ] common/system/sync_server.d
 
[DEP   ] common/system/sim_thread.d
 
[DEP   ] common/system/pthread_emu.d
 
[DEP   ] common/system/simulator.d
 
[DEP   ] common/system/thread_stats_manager.d
 
[DEP   ] common/system/sim_thread_manager.d
 
[DEP   ] common/system/fastforward_performance_manager.d
 
[DEP   ] common/system/dvfs_manager.d
 
[DEP   ] common/system/routine_tracer_funcstats.d
 
[DEP   ] common/system/magic_server.d
 
[DEP   ] common/system/thread_manager.d
 
[DEP   ] common/system/syscall_server.d
 
[DEP   ] common/system/sync_client.d
 
[DEP   ] common/system/inst_mode.d
 
[DEP   ] common/system/barrier_sync_server.d
 
[DEP   ] common/system/memory_tracker.d
 
[DEP   ] common/system/hooks_manager.d
 
[DEP   ] common/system/routine_tracer_print.d
 
[DEP   ] common/system/routine_tracer.d
 
[DEP   ] common/system/hooks_manager_init.d
 
[DEP   ] common/scheduler/scheduler_big_small.d
 
[DEP   ] common/scheduler/scheduler_roaming.d
 
[DEP   ] common/scheduler/scheduler_static.d
 
[DEP   ] common/scheduler/scheduler_pinned.d
 
[DEP   ] common/scheduler/scheduler_sequential.d
 
[DEP   ] common/scheduler/scheduler.d
 
[DEP   ] common/scheduler/scheduler_dynamic.d
 
[DEP   ] common/scheduler/scheduler_pinned_base.d
 
[DEP   ] common/sampling/periodic_sampling.d
 
[DEP   ] common/sampling/sampling_provider.d
 
[DEP   ] common/sampling/sampling_algorithm.d
 
[DEP   ] common/sampling/sampling_manager.d
 
[DEP   ] common/transport/transport.d
 
[DEP   ] common/transport/smtransport.d
 
[DEP   ] common/trace_frontend/trace_manager.d
 
[DEP   ] common/trace_frontend/trace_thread.d
 
[DEP   ] common/scripting/py_mem.d
 
[DEP   ] common/scripting/py_control.d
 
[DEP   ] common/scripting/py_thread.d
 
[DEP   ] common/scripting/hooks_py.d
 
[DEP   ] common/scripting/py_stats.d
 
[DEP   ] common/scripting/py_dvfs.d
 
[DEP   ] common/scripting/py_hooks.d
 
[DEP   ] common/scripting/py_config.d
 
[DEP   ] common/scripting/py_bbv.d
 
[DEP   ] common/user/sync_api.d
 
[DEP   ] common/core/memory_subsystem/dram/dram_cntlr_interface.d
 
[DEP   ] common/core/memory_subsystem/dram/dram_cache.d
 
[DEP   ] common/core/memory_subsystem/parametric_dram_directory_msi/tlb.d
 
[DEP   ] common/core/memory_subsystem/parametric_dram_directory_msi/ghb_prefetcher.d
 
[DEP   ] common/core/memory_subsystem/parametric_dram_directory_msi/simple_prefetcher.d
 
[DEP   ] common/core/memory_subsystem/parametric_dram_directory_msi/cache_cntlr.d
 
[DEP   ] common/core/memory_subsystem/parametric_dram_directory_msi/cache_atd.d
 
[DEP   ] common/core/memory_subsystem/parametric_dram_directory_msi/nuca_cache.d
 
[DEP   ] common/core/memory_subsystem/parametric_dram_directory_msi/a53prefetcher.d
 
[DEP   ] common/core/memory_subsystem/parametric_dram_directory_msi/prefetcher.d
 
[DEP   ] common/core/memory_subsystem/parametric_dram_directory_msi/memory_manager.d
 
[DEP   ] common/core/memory_subsystem/cache/cache_set_mru.d
 
[DEP   ] common/core/memory_subsystem/cache/shared_cache_block_info.d
 
[DEP   ] common/core/memory_subsystem/cache/pr_l2_cache_block_info.d
 
[DEP   ] common/core/memory_subsystem/cache/cache_set_random.d
 
[DEP   ] common/core/memory_subsystem/cache/cache_block_info.d
 
[DEP   ] common/core/memory_subsystem/cache/cache_set_plru.d
 
[DEP   ] common/core/memory_subsystem/cache/cache.d
 
[DEP   ] common/core/memory_subsystem/cache/cache_set_round_robin.d
 
[DEP   ] common/core/memory_subsystem/cache/cache_set_lru.d
 
[DEP   ] common/core/memory_subsystem/cache/cache_set_nmru.d
 
[DEP   ] common/core/memory_subsystem/cache/cache_set_nru.d
 
[DEP   ] common/core/memory_subsystem/cache/cache_set.d
 
[DEP   ] common/core/memory_subsystem/cache/cache_base.d
 
[DEP   ] common/core/memory_subsystem/cache/cache_set_srrip.d
 
[DEP   ] common/core/memory_subsystem/directory_schemes/directory.d
 
[DEP   ] common/core/memory_subsystem/pr_l1_pr_l2_dram_directory_msi/dram_directory_cache.d
 
[DEP   ] common/core/memory_subsystem/pr_l1_pr_l2_dram_directory_msi/shmem_req.d
 
[DEP   ] common/core/memory_subsystem/pr_l1_pr_l2_dram_directory_msi/dram_directory_cntlr.d
 
[DEP   ] common/core/memory_subsystem/pr_l1_pr_l2_dram_directory_msi/dram_cntlr.d
 
[DEP   ] common/core/memory_subsystem/pr_l1_pr_l2_dram_directory_msi/shmem_msg.d
 
[DEP   ] common/core/memory_subsystem/pr_l1_pr_l2_dram_directory_msi/shmem_perf.d
 
[DEP   ] common/core/memory_subsystem/fast_nehalem/memory_manager.d
 
[DEP   ] common/core/memory_subsystem/cheetah/cheetah_model.d
 
[DEP   ] common/core/memory_subsystem/cheetah/util.d
 
[DEP   ] common/core/memory_subsystem/cheetah/saclru.d
 
[DEP   ] common/core/memory_subsystem/cheetah/cheetah_manager.d
 
[DEP   ] common/core/memory_subsystem/mem_component.d
 
[DEP   ] common/core/memory_subsystem/memory_manager_base.d
 
[DEP   ] common/core/memory_subsystem/address_home_lookup.d
 
[DEP   ] common/core/syscall_model.d
 
[DEP   ] common/core/thread.d
 
[DEP   ] common/core/bbv_count.d
 
[DEP   ] common/core/topology_info.d
 
[DEP   ] common/core/core.d
 
[DEP   ] common/performance_model/performance_models/interval_performance_model/windows.d
 
[DEP   ] common/performance_model/performance_models/interval_performance_model/interval_contention_nehalem.d
 
[DEP   ] common/performance_model/performance_models/interval_performance_model/interval_contention_boom_v1.d
 
[DEP   ] common/performance_model/performance_models/interval_performance_model/interval_contention_cortex_a53.d
 
[DEP   ] common/performance_model/performance_models/interval_performance_model/interval_timer.d
 
[DEP   ] common/performance_model/performance_models/interval_performance_model/interval_contention_cortex_a72.d
 
[DEP   ] common/performance_model/performance_models/rob_performance_model/rob_contention_boom_v1.d
 
[DEP   ] common/performance_model/performance_models/rob_performance_model/rob_smt_timer.d
 
[DEP   ] common/performance_model/performance_models/rob_performance_model/rob_contention_cortex_a53.d
 
[DEP   ] common/performance_model/performance_models/rob_performance_model/rob_timer.d
 
[DEP   ] common/performance_model/performance_models/rob_performance_model/rob_contention_cortex_a72.d
 
[DEP   ] common/performance_model/performance_models/rob_performance_model/smt_timer.d
 
[DEP   ] common/performance_model/performance_models/rob_performance_model/rob_contention_nehalem.d
 
[DEP   ] common/performance_model/performance_models/core_model/dynamic_micro_op_cortex_a53.d
 
[DEP   ] common/performance_model/performance_models/core_model/core_model_cortex_a53.d
 
[DEP   ] common/performance_model/performance_models/core_model/dynamic_micro_op_cortex_a72.d
 
[DEP   ] common/performance_model/performance_models/core_model/core_model_cortex_a72.d
 
[DEP   ] common/performance_model/performance_models/core_model/core_model.d
 
[DEP   ] common/performance_model/performance_models/core_model/dynamic_micro_op_nehalem.d
 
[DEP   ] common/performance_model/performance_models/core_model/core_model_nehalem.d
 
[DEP   ] common/performance_model/performance_models/core_model/dynamic_micro_op_boom_v1.d
 
[DEP   ] common/performance_model/performance_models/core_model/core_model_boom_v1.d
 
[DEP   ] common/performance_model/performance_models/micro_op/instruction_decoder.d
 
[DEP   ] common/performance_model/performance_models/micro_op/register_dependencies.d
 
[DEP   ] common/performance_model/performance_models/micro_op/instruction_decoder_wlib.d
 
[DEP   ] common/performance_model/performance_models/micro_op/memory_dependencies.d
 
[DEP   ] common/performance_model/performance_models/micro_op/micro_op.d
 
[DEP   ] common/performance_model/performance_models/micro_op/dynamic_micro_op.d
 
[DEP   ] common/performance_model/performance_models/interval_performance_model.d
 
[DEP   ] common/performance_model/performance_models/rob_smt_performance_model.d
 
[DEP   ] common/performance_model/performance_models/oneipc_performance_model.d
 
[DEP   ] common/performance_model/performance_models/rob_performance_model.d
 
[DEP   ] common/performance_model/performance_models/micro_op_performance_model.d
 
[DEP   ] common/performance_model/instruction_tracers/instruction_tracer_fpstats.d
 
[DEP   ] common/performance_model/instruction_tracers/instruction_tracer_print.d
 
[DEP   ] common/performance_model/instruction_tracers/instruction_tracer.d
 
[DEP   ] common/performance_model/instruction_tracers/loop_profiler.d
 
[DEP   ] common/performance_model/instruction_tracers/loop_tracer.d
 
[DEP   ] common/performance_model/branch_predictors/pentium_m_branch_predictor.d
 
[DEP   ] common/performance_model/branch_predictors/a53branchpredictor.d
 
[DEP   ] common/performance_model/branch_predictors/branch_predictor_return_value.d
 
[DEP   ] common/performance_model/branch_predictors/one_bit_branch_predictor.d
 
